<?xml version="1.0" encoding="UTF-8"?>
<testsuites name="Mocha Tests" time="12.2790" tests="2" failures="1">
  <testsuite name="Root Suite" timestamp="2022-01-14T09:50:49" tests="0" file="cypress/integration/firstTest.spec.js" time="0.0000" failures="0">
  </testsuite>
  <testsuite name="Test with backend" timestamp="2022-01-14T09:50:49" tests="2" time="12.2620" failures="1">
    <testcase name="Test with backend verify correct request and response" time="3.2820" classname="verify correct request and response">
      <failure message="expected 307 to equal 200" type="AssertionError"><![CDATA[AssertionError: expected 307 to equal 200
    at Context.eval (http://localhost:4200/__cypress/tests?p=cypress\integration\firstTest.spec.js:121:42)]]></failure>
    </testcase>
    <testcase name="Test with backend Should gave tags with routing object " time="1.0630" classname="Should gave tags with routing object ">
    </testcase>
  </testsuite>
</testsuites>